[debug] [2019-12-09T02:15:15.558Z] ----------------------------------------------------------------------
[debug] [2019-12-09T02:15:15.561Z] Command:       /usr/local/bin/node /usr/local/bin/firebase serve
[debug] [2019-12-09T02:15:15.562Z] CLI Version:   7.9.0
[debug] [2019-12-09T02:15:15.562Z] Platform:      darwin
[debug] [2019-12-09T02:15:15.562Z] Node Version:  v10.16.0
[debug] [2019-12-09T02:15:15.568Z] Time:          Sun Dec 08 2019 20:15:15 GMT-0600 (Central Standard Time)
[debug] [2019-12-09T02:15:15.568Z] ----------------------------------------------------------------------
[debug] [2019-12-09T02:15:15.568Z] 
[debug] [2019-12-09T02:15:15.586Z] > command requires scopes: ["email","openid","https://www.googleapis.com/auth/cloudplatformprojects.readonly","https://www.googleapis.com/auth/firebase","https://www.googleapis.com/auth/cloud-platform"]
[debug] [2019-12-09T02:15:15.587Z] > authorizing via signed-in user
[debug] [2019-12-09T02:15:15.587Z] [iam] checking project gdglittlerock for permissions ["firebase.projects.get"]
[debug] [2019-12-09T02:15:15.590Z] > refreshing access token with scopes: ["email","https://www.googleapis.com/auth/cloud-platform","https://www.googleapis.com/auth/cloudplatformprojects.readonly","https://www.googleapis.com/auth/firebase","openid"]
[debug] [2019-12-09T02:15:15.591Z] >>> HTTP REQUEST POST https://www.googleapis.com/oauth2/v3/token  
 <request body omitted>
[debug] [2019-12-09T02:15:15.807Z] <<< HTTP RESPONSE 200
[debug] [2019-12-09T02:15:15.827Z] >>> HTTP REQUEST POST https://cloudresourcemanager.googleapis.com/v1/projects/gdglittlerock:testIamPermissions  

[debug] [2019-12-09T02:15:16.041Z] <<< HTTP RESPONSE 200
[debug] [2019-12-09T02:15:16.043Z] >>> HTTP REQUEST GET https://firebase.googleapis.com/v1beta1/projects/gdglittlerock  
 
[debug] [2019-12-09T02:15:16.512Z] <<< HTTP RESPONSE 200
[info] 
[info] === Serving from '/Users/nikiyasimpson/Projects/aura'...
[info] 
[debug] [2019-12-09T02:15:16.518Z] >>> HTTP REQUEST GET https://firebase.googleapis.com/v1beta1/projects/gdglittlerock/webApps/-/config  
 
[debug] [2019-12-09T02:15:16.950Z] <<< HTTP RESPONSE 200
[info] i  hosting: Serving hosting files from: dist
[info] ✔  hosting: Local server: http://localhost:5000
